<?xml version="1.0" encoding="UTF-8"?>
<!-- Generated by org.testng.reporters.JUnitXMLReporter -->
<testsuite ignored="0" hostname="LAPTOP-O10P5747" failures="0" tests="2" name="Command line test" time="0.04" errors="0" timestamp="2022-02-05T10:51:36 IST">
  <testcase classname="newtestingfeb3.BaseTest" name="@BeforeTest launchApp" time="-1.644038496786E9">
    <failure type="org.testng.TestNGException" message="
Parameter &amp;apos;coforge&amp;apos; is required by BeforeTest on method launchApp but has not been marked @Optional or defined
">
      <![CDATA[org.testng.TestNGException: 
Parameter 'coforge' is required by BeforeTest on method launchApp but has not been marked @Optional or defined

... Removed 31 stack frames]]>
    </failure>
  </testcase> <!-- @BeforeTest launchApp -->
  <testcase classname="actionExample.DragDropTest" name="@BeforeTest launchApp" time="-1.644038496792E9">
    <skipped/>
  </testcase> <!-- @BeforeTest launchApp -->
  <testcase classname="hrmlogintest.TestNG" name="@BeforeTest launchApp" time="-1.644038496794E9">
    <skipped/>
  </testcase> <!-- @BeforeTest launchApp -->
  <testcase classname="newtestingfeb3.BaseTest" name="@AfterTest closeApp" time="-1.644038496823E9">
    <skipped/>
  </testcase> <!-- @AfterTest closeApp -->
  <testcase classname="actionExample.DragDropTest" name="@AfterTest closeApp" time="-1.644038496823E9">
    <skipped/>
  </testcase> <!-- @AfterTest closeApp -->
  <testcase classname="hrmlogintest.TestNG" name="@AfterTest closeApp" time="-1.644038496823E9">
    <skipped/>
  </testcase> <!-- @AfterTest closeApp -->
  <testcase classname="actionExample.DragDropTest" name="dragdrop" time="0.0">
    <skipped/>
  </testcase> <!-- dragdrop -->
  <testcase classname="hrmlogintest.TestNG" name="TC_01" time="0.0">
    <skipped/>
  </testcase> <!-- TC_01 -->
</testsuite> <!-- Command line test -->
