<?xml version="1.0" encoding="UTF-8"?>
<!-- Generated by org.testng.reporters.JUnitXMLReporter -->
<testsuite hostname="LAPTOP-O10P5747" ignored="0" name="Test" tests="7" failures="0" timestamp="2022-02-07T15:39:03 IST" time="17.316" errors="0">
  <testcase name="@BeforeTest launchApp" time="5.937" classname="newtestingfeb2.AmazonTest_Priority">
    <failure type="org.openqa.selenium.WebDriverException" message="unknown error: cannot determine loading status
from disconnected: received Inspector.detached event
  (Session info: chrome=98.0.4758.82)
Build info: version: &amp;apos;3.141.59&amp;apos;, revision: &amp;apos;e82be7d358&amp;apos;, time: &amp;apos;2018-11-14T08:17:03&amp;apos;
System info: host: &amp;apos;LAPTOP-O10P5747&amp;apos;, ip: &amp;apos;192.168.0.110&amp;apos;, os.name: &amp;apos;Windows 10&amp;apos;, os.arch: &amp;apos;amd64&amp;apos;, os.version: &amp;apos;10.0&amp;apos;, java.version: &amp;apos;1.8.0_271&amp;apos;
Driver info: org.openqa.selenium.chrome.ChromeDriver
Capabilities {acceptInsecureCerts: false, browserName: chrome, browserVersion: 98.0.4758.82, chrome: {chromedriverVersion: 98.0.4758.80 (7f0488e8ba0d8..., userDataDir: C:\Users\Sahil\AppData\Loca...}, goog:chromeOptions: {debuggerAddress: localhost:64690}, javascriptEnabled: true, networkConnectionEnabled: false, pageLoadStrategy: normal, platform: WINDOWS, platformName: WINDOWS, proxy: Proxy(), setWindowRect: true, strictFileInteractability: false, timeouts: {implicit: 0, pageLoad: 300000, script: 30000}, unhandledPromptBehavior: dismiss and notify, webauthn:extension:credBlob: true, webauthn:extension:largeBlob: true, webauthn:virtualAuthenticators: true}
Session ID: 667f33ca6b68c9fdd1d14f111f2d029d">
      <![CDATA[org.openqa.selenium.WebDriverException: unknown error: cannot determine loading status
from disconnected: received Inspector.detached event
  (Session info: chrome=98.0.4758.82)
Build info: version: '3.141.59', revision: 'e82be7d358', time: '2018-11-14T08:17:03'
System info: host: 'LAPTOP-O10P5747', ip: '192.168.0.110', os.name: 'Windows 10', os.arch: 'amd64', os.version: '10.0', java.version: '1.8.0_271'
Driver info: org.openqa.selenium.chrome.ChromeDriver
Capabilities {acceptInsecureCerts: false, browserName: chrome, browserVersion: 98.0.4758.82, chrome: {chromedriverVersion: 98.0.4758.80 (7f0488e8ba0d8..., userDataDir: C:\Users\Sahil\AppData\Loca...}, goog:chromeOptions: {debuggerAddress: localhost:64690}, javascriptEnabled: true, networkConnectionEnabled: false, pageLoadStrategy: normal, platform: WINDOWS, platformName: WINDOWS, proxy: Proxy(), setWindowRect: true, strictFileInteractability: false, timeouts: {implicit: 0, pageLoad: 300000, script: 30000}, unhandledPromptBehavior: dismiss and notify, webauthn:extension:credBlob: true, webauthn:extension:largeBlob: true, webauthn:virtualAuthenticators: true}
Session ID: 667f33ca6b68c9fdd1d14f111f2d029d
at org.openqa.selenium.remote.http.W3CHttpResponseCodec.createException(W3CHttpResponseCodec.java:187)
at org.openqa.selenium.remote.http.W3CHttpResponseCodec.decode(W3CHttpResponseCodec.java:122)
at org.openqa.selenium.remote.http.W3CHttpResponseCodec.decode(W3CHttpResponseCodec.java:49)
at org.openqa.selenium.remote.HttpCommandExecutor.execute(HttpCommandExecutor.java:158)
at org.openqa.selenium.remote.service.DriverCommandExecutor.execute(DriverCommandExecutor.java:83)
at org.openqa.selenium.remote.RemoteWebDriver.execute(RemoteWebDriver.java:552)
at org.openqa.selenium.remote.RemoteWebDriver.get(RemoteWebDriver.java:277)
at newtestingfeb2.AmazonTest_Priority.launchApp(AmazonTest_Priority.java:21)
... Removed 31 stack frames]]>
    </failure>
  </testcase> <!-- @BeforeTest launchApp -->
  <testcase name="@BeforeTest launchApp" time="-1.644228542744E9" classname="newtestingfeb2.Amazontesting">
    <skipped/>
  </testcase> <!-- @BeforeTest launchApp -->
  <testcase name="@AfterTest closeApp" time="-1.644228542781E9" classname="newtesting.AmazonTest_Priority">
    <skipped/>
  </testcase> <!-- @AfterTest closeApp -->
  <testcase name="@AfterTest closeApp" time="-1.644228542782E9" classname="newtestingfeb2.AmazonTest_Priority">
    <skipped/>
  </testcase> <!-- @AfterTest closeApp -->
  <testcase name="@AfterTest closeApp" time="-1.644228542782E9" classname="newtestingfeb2.Amazontesting">
    <skipped/>
  </testcase> <!-- @AfterTest closeApp -->
  <testcase name="searchItems" time="0.0" classname="newtestingfeb2.Amazontesting">
    <skipped/>
  </testcase> <!-- searchItems -->
  <testcase name="verifyAppTitleBeforeSearch" time="0.0" classname="newtestingfeb2.AmazonTest_Priority">
    <skipped/>
  </testcase> <!-- verifyAppTitleBeforeSearch -->
  <testcase name="searchItems" time="0.0" classname="newtestingfeb2.AmazonTest_Priority">
    <skipped/>
  </testcase> <!-- searchItems -->
  <testcase name="verifyAppTitle" time="0.0" classname="newtestingfeb2.AmazonTest_Priority">
    <skipped/>
  </testcase> <!-- verifyAppTitle -->
  <testcase name="verifyAppTitleBeforeSearch" time="0.0" classname="newtesting.AmazonTest_Priority">
    <skipped/>
  </testcase> <!-- verifyAppTitleBeforeSearch -->
  <testcase name="searchItems" time="0.0" classname="newtesting.AmazonTest_Priority">
    <skipped/>
  </testcase> <!-- searchItems -->
  <testcase name="verifyAppTitle" time="0.0" classname="newtesting.AmazonTest_Priority">
    <skipped/>
  </testcase> <!-- verifyAppTitle -->
</testsuite> <!-- Test -->
